<?xml version="1.0" encoding="UTF-8"?>
<!-- Generated by org.testng.reporters.JUnitXMLReporter -->
<testsuite hostname="LAPTOP-KUNU7KIN" ignored="0" name="Listners.Test" tests="12" failures="2" timestamp="2021-03-21T17:39:44 GMT" time="29.773" errors="0">
  <testcase name="imageTest" time="0.197" classname="day32.listeners.ListenersClass1"/>
  <testcase name="title_Test" time="0.04" classname="day32.listeners.ListenersClass1">
    <failure type="java.lang.AssertionError" message="title is not matching expected [OrangeHRM1] but found [OrangeHRM]">
      <![CDATA[java.lang.AssertionError: title is not matching expected [OrangeHRM1] but found [OrangeHRM]
at day32.listeners.ListenersClass1.title_Test(ListenersClass1.java:34)
at java.util.ArrayList.forEach(Unknown Source)
... Removed 32 stack frames]]>
    </failure>
  </testcase> <!-- title_Test -->
  <testcase name="gettext_Test" time="3.084" classname="day32.listeners.ListenersClass1"/>
  <testcase name="women" time="0.219" classname="day30.GroupingDemo"/>
  <testcase name="shirt" time="3.356" classname="day30.GroupingDemo"/>
  <testcase name="groups" time="0.076" classname="day30.GroupingDemo"/>
  <testcase name="product" time="0.292" classname="day30.GroupingDemo"/>
  <testcase name="validation" time="0.064" classname="day30.GroupingDemo"/>
  <testcase name="getUrl" time="4.023" classname="day30.MyFirstTestNG1"/>
  <testcase name="Myaccount" time="0.836" classname="day30.MyFirstTestNG1"/>
  <testcase name="validation" time="0.016" classname="day30.MyFirstTestNG1">
    <failure type="java.lang.AssertionError" message="Testcase Failed.. expected [https://demo.opencart.com/index.php?route=account/account] but found [https://demo.opencart.com/index.php?route=account/login]">
      <![CDATA[java.lang.AssertionError: Testcase Failed.. expected [https://demo.opencart.com/index.php?route=account/account] but found [https://demo.opencart.com/index.php?route=account/login]
at day30.MyFirstTestNG1.validation(MyFirstTestNG1.java:44)
at java.util.ArrayList.forEach(Unknown Source)
... Removed 32 stack frames]]>
    </failure>
  </testcase> <!-- validation -->
  <testcase name="returningcustomerr" time="1.324" classname="day30.MyFirstTestNG1"/>
</testsuite> <!-- Listners.Test -->
