<?xml version="1.0" encoding="UTF-8"?>
<!-- Generated by org.testng.reporters.JUnitXMLReporter -->
<testsuite hostname="LAPTOP-KUNU7KIN" ignored="0" name="paralelTest" tests="2" failures="1" timestamp="2021-03-15T18:15:13 GMT" time="13.179" errors="0">
  <testcase name="Logotest" time="0.263" classname="day32.paraleltesting.ParalelTestingDemo">
    <failure type="java.lang.AssertionError" message="Logo is not present expected [false] but found [true]">
      <![CDATA[java.lang.AssertionError: Logo is not present expected [false] but found [true]
at day32.paraleltesting.ParalelTestingDemo.Logotest(ParalelTestingDemo.java:42)
at java.util.ArrayList.forEach(Unknown Source)
... Removed 32 stack frames]]>
    </failure>
  </testcase> <!-- Logotest -->
  <testcase name="gmailtest" time="0.091" classname="day32.paraleltesting.ParalelTestingDemo"/>
</testsuite> <!-- paralelTest -->
